<?xml version="1.0" encoding="UTF-8"?>
<coverage generated="1649192261405" clover="3.2.0">
  <project timestamp="1649192261405" name="All files">
    <metrics statements="46" coveredstatements="29" conditionals="4" coveredconditionals="0" methods="7" coveredmethods="3" elements="57" coveredelements="32" complexity="0" loc="46" ncloc="46" packages="1" files="2" classes="2"/>
    <file name="dbOperations.js" path="/Users/ericfouh/Downloads/cis350-coding/live_coding/express_app/dbOperations.js">
      <metrics statements="21" coveredstatements="17" conditionals="0" coveredconditionals="0" methods="3" coveredmethods="3"/>
      <line num="2" count="2" type="stmt"/>
      <line num="5" count="2" type="stmt"/>
      <line num="6" count="3" type="stmt"/>
      <line num="7" count="3" type="stmt"/>
      <line num="9" count="3" type="stmt"/>
      <line num="10" count="3" type="stmt"/>
      <line num="12" count="0" type="stmt"/>
      <line num="13" count="0" type="stmt"/>
      <line num="18" count="2" type="stmt"/>
      <line num="19" count="5" type="stmt"/>
      <line num="20" count="5" type="stmt"/>
      <line num="21" count="4" type="stmt"/>
      <line num="22" count="4" type="stmt"/>
      <line num="25" count="1" type="stmt"/>
      <line num="26" count="1" type="stmt"/>
      <line num="33" count="1" type="stmt"/>
      <line num="36" count="1" type="stmt"/>
      <line num="37" count="1" type="stmt"/>
      <line num="39" count="0" type="stmt"/>
      <line num="40" count="0" type="stmt"/>
      <line num="45" count="2" type="stmt"/>
    </file>
    <file name="server.js" path="/Users/ericfouh/Downloads/cis350-coding/live_coding/express_app/server.js">
      <metrics statements="25" coveredstatements="12" conditionals="4" coveredconditionals="0" methods="4" coveredmethods="0"/>
      <line num="2" count="1" type="stmt"/>
      <line num="5" count="1" type="stmt"/>
      <line num="8" count="1" type="stmt"/>
      <line num="13" count="1" type="stmt"/>
      <line num="16" count="1" type="stmt"/>
      <line num="17" count="1" type="stmt"/>
      <line num="23" count="1" type="stmt"/>
      <line num="24" count="0" type="stmt"/>
      <line num="28" count="1" type="stmt"/>
      <line num="30" count="0" type="cond" truecount="0" falsecount="4"/>
      <line num="31" count="0" type="stmt"/>
      <line num="33" count="0" type="stmt"/>
      <line num="34" count="0" type="stmt"/>
      <line num="36" count="0" type="stmt"/>
      <line num="39" count="0" type="stmt"/>
      <line num="47" count="1" type="stmt"/>
      <line num="48" count="0" type="stmt"/>
      <line num="49" count="0" type="stmt"/>
      <line num="50" count="0" type="stmt"/>
      <line num="53" count="0" type="stmt"/>
      <line num="58" count="1" type="stmt"/>
      <line num="61" count="1" type="stmt"/>
      <line num="62" count="0" type="stmt"/>
      <line num="63" count="0" type="stmt"/>
      <line num="66" count="1" type="stmt"/>
    </file>
  </project>
</coverage>
