{"/Users/ericfouh/Downloads/cis350-coding/live_coding/express_app/dbOperations.js": {"path":"/Users/ericfouh/Downloads/cis350-coding/live_coding/express_app/dbOperations.js","statementMap":{"0":{"start":{"line":2,"column":24},"end":{"line":2,"column":42}},"1":{"start":{"line":5,"column":16},"end":{"line":15,"column":1}},"2":{"start":{"line":6,"column":4},"end":{"line":14,"column":5}},"3":{"start":{"line":7,"column":20},"end":{"line":8,"column":64}},"4":{"start":{"line":9,"column":8},"end":{"line":9,"column":71}},"5":{"start":{"line":10,"column":8},"end":{"line":10,"column":20}},"6":{"start":{"line":12,"column":8},"end":{"line":12,"column":27}},"7":{"start":{"line":13,"column":8},"end":{"line":13,"column":55}},"8":{"start":{"line":18,"column":18},"end":{"line":29,"column":1}},"9":{"start":{"line":19,"column":4},"end":{"line":27,"column":5}},"10":{"start":{"line":20,"column":23},"end":{"line":20,"column":74}},"11":{"start":{"line":21,"column":8},"end":{"line":21,"column":68}},"12":{"start":{"line":22,"column":8},"end":{"line":22,"column":22}},"13":{"start":{"line":25,"column":8},"end":{"line":25,"column":27}},"14":{"start":{"line":26,"column":8},"end":{"line":26,"column":50}},"15":{"start":{"line":33,"column":4},"end":{"line":41,"column":5}},"16":{"start":{"line":36,"column":24},"end":{"line":36,"column":73}},"17":{"start":{"line":37,"column":8},"end":{"line":37,"column":23}},"18":{"start":{"line":39,"column":8},"end":{"line":39,"column":27}},"19":{"start":{"line":40,"column":8},"end":{"line":40,"column":54}},"20":{"start":{"line":45,"column":0},"end":{"line":45,"column":52}}},"fnMap":{"0":{"name":"(anonymous_0)","decl":{"start":{"line":5,"column":16},"end":{"line":5,"column":17}},"loc":{"start":{"line":5,"column":30},"end":{"line":15,"column":1}},"line":5},"1":{"name":"(anonymous_1)","decl":{"start":{"line":18,"column":18},"end":{"line":18,"column":19}},"loc":{"start":{"line":18,"column":43},"end":{"line":29,"column":1}},"line":18},"2":{"name":"getPlayers","decl":{"start":{"line":32,"column":15},"end":{"line":32,"column":25}},"loc":{"start":{"line":32,"column":29},"end":{"line":43,"column":1}},"line":32}},"branchMap":{},"s":{"0":2,"1":2,"2":3,"3":3,"4":3,"5":3,"6":0,"7":0,"8":2,"9":5,"10":5,"11":4,"12":4,"13":1,"14":1,"15":1,"16":1,"17":1,"18":0,"19":0,"20":2},"f":{"0":3,"1":5,"2":1},"b":{},"_coverageSchema":"1a1c01bbd47fc00a2c39e90264f33305004495a9","hash":"80d2479d853a189d2d54ee9f9feb2633b4321ec5"}
,"/Users/ericfouh/Downloads/cis350-coding/live_coding/express_app/server.js": {"path":"/Users/ericfouh/Downloads/cis350-coding/live_coding/express_app/server.js","statementMap":{"0":{"start":{"line":2,"column":16},"end":{"line":2,"column":34}},"1":{"start":{"line":5,"column":15},"end":{"line":5,"column":24}},"2":{"start":{"line":8,"column":12},"end":{"line":8,"column":37}},"3":{"start":{"line":13,"column":12},"end":{"line":13,"column":120}},"4":{"start":{"line":16,"column":0},"end":{"line":16,"column":27}},"5":{"start":{"line":17,"column":0},"end":{"line":19,"column":4}},"6":{"start":{"line":23,"column":0},"end":{"line":25,"column":3}},"7":{"start":{"line":24,"column":4},"end":{"line":24,"column":55}},"8":{"start":{"line":28,"column":0},"end":{"line":44,"column":3}},"9":{"start":{"line":30,"column":5},"end":{"line":32,"column":6}},"10":{"start":{"line":31,"column":9},"end":{"line":31,"column":65}},"11":{"start":{"line":33,"column":5},"end":{"line":40,"column":5}},"12":{"start":{"line":34,"column":24},"end":{"line":34,"column":81}},"13":{"start":{"line":36,"column":9},"end":{"line":36,"column":103}},"14":{"start":{"line":39,"column":8},"end":{"line":39,"column":58}},"15":{"start":{"line":47,"column":0},"end":{"line":55,"column":3}},"16":{"start":{"line":48,"column":4},"end":{"line":54,"column":5}},"17":{"start":{"line":49,"column":24},"end":{"line":49,"column":48}},"18":{"start":{"line":50,"column":8},"end":{"line":50,"column":47}},"19":{"start":{"line":53,"column":8},"end":{"line":53,"column":58}},"20":{"start":{"line":58,"column":13},"end":{"line":58,"column":17}},"21":{"start":{"line":61,"column":0},"end":{"line":64,"column":3}},"22":{"start":{"line":62,"column":4},"end":{"line":62,"column":32}},"23":{"start":{"line":63,"column":4},"end":{"line":63,"column":58}},"24":{"start":{"line":66,"column":0},"end":{"line":66,"column":23}}},"fnMap":{"0":{"name":"(anonymous_0)","decl":{"start":{"line":23,"column":16},"end":{"line":23,"column":17}},"loc":{"start":{"line":23,"column":31},"end":{"line":25,"column":1}},"line":23},"1":{"name":"(anonymous_1)","decl":{"start":{"line":28,"column":22},"end":{"line":28,"column":23}},"loc":{"start":{"line":28,"column":41},"end":{"line":44,"column":1}},"line":28},"2":{"name":"(anonymous_2)","decl":{"start":{"line":47,"column":24},"end":{"line":47,"column":25}},"loc":{"start":{"line":47,"column":46},"end":{"line":55,"column":1}},"line":47},"3":{"name":"(anonymous_3)","decl":{"start":{"line":61,"column":20},"end":{"line":61,"column":21}},"loc":{"start":{"line":61,"column":31},"end":{"line":64,"column":1}},"line":61}},"branchMap":{"0":{"loc":{"start":{"line":30,"column":5},"end":{"line":32,"column":6}},"type":"if","locations":[{"start":{"line":30,"column":5},"end":{"line":32,"column":6}},{"start":{},"end":{}}],"line":30},"1":{"loc":{"start":{"line":30,"column":8},"end":{"line":30,"column":52}},"type":"binary-expr","locations":[{"start":{"line":30,"column":8},"end":{"line":30,"column":22}},{"start":{"line":30,"column":26},"end":{"line":30,"column":52}}],"line":30}},"s":{"0":1,"1":1,"2":1,"3":1,"4":1,"5":1,"6":1,"7":0,"8":1,"9":0,"10":0,"11":0,"12":0,"13":0,"14":0,"15":1,"16":0,"17":0,"18":0,"19":0,"20":1,"21":1,"22":0,"23":0,"24":1},"f":{"0":0,"1":0,"2":0,"3":0},"b":{"0":[0,0],"1":[0,0]},"_coverageSchema":"1a1c01bbd47fc00a2c39e90264f33305004495a9","hash":"bfd3ea2f38f6d0aea7fff806b8fc80ce45d9550a"}
}
