TN:
SF:dbOperations.js
FN:5,(anonymous_0)
FN:18,(anonymous_1)
FN:32,getPlayers
FNF:3
FNH:3
FNDA:3,(anonymous_0)
FNDA:5,(anonymous_1)
FNDA:1,getPlayers
DA:2,2
DA:5,2
DA:6,3
DA:7,3
DA:9,3
DA:10,3
DA:12,0
DA:13,0
DA:18,2
DA:19,5
DA:20,5
DA:21,4
DA:22,4
DA:25,1
DA:26,1
DA:33,1
DA:36,1
DA:37,1
DA:39,0
DA:40,0
DA:45,2
LF:21
LH:17
BRF:0
BRH:0
end_of_record
TN:
SF:server.js
FN:23,(anonymous_0)
FN:28,(anonymous_1)
FN:47,(anonymous_2)
FN:61,(anonymous_3)
FNF:4
FNH:0
FNDA:0,(anonymous_0)
FNDA:0,(anonymous_1)
FNDA:0,(anonymous_2)
FNDA:0,(anonymous_3)
DA:2,1
DA:5,1
DA:8,1
DA:13,1
DA:16,1
DA:17,1
DA:23,1
DA:24,0
DA:28,1
DA:30,0
DA:31,0
DA:33,0
DA:34,0
DA:36,0
DA:39,0
DA:47,1
DA:48,0
DA:49,0
DA:50,0
DA:53,0
DA:58,1
DA:61,1
DA:62,0
DA:63,0
DA:66,1
LF:25
LH:12
BRDA:30,0,0,0
BRDA:30,0,1,0
BRDA:30,1,0,0
BRDA:30,1,1,0
BRF:4
BRH:0
end_of_record
