{"/Users/ericfouh/Downloads/cis3500_sp24/prep_code/backend_prep/controller/server.js": {"path":"/Users/ericfouh/Downloads/cis3500_sp24/prep_code/backend_prep/controller/server.js","statementMap":{"0":{"start":{"line":6,"column":16},"end":{"line":6,"column":34}},"1":{"start":{"line":9,"column":13},"end":{"line":9,"column":28}},"2":{"start":{"line":12,"column":15},"end":{"line":12,"column":24}},"3":{"start":{"line":15,"column":41},"end":{"line":15,"column":64}},"4":{"start":{"line":17,"column":0},"end":{"line":17,"column":19}},"5":{"start":{"line":20,"column":0},"end":{"line":20,"column":51}},"6":{"start":{"line":23,"column":14},"end":{"line":23,"column":39}},"7":{"start":{"line":26,"column":0},"end":{"line":28,"column":3}},"8":{"start":{"line":27,"column":2},"end":{"line":27,"column":50}},"9":{"start":{"line":34,"column":0},"end":{"line":52,"column":3}},"10":{"start":{"line":36,"column":2},"end":{"line":39,"column":3}},"11":{"start":{"line":37,"column":4},"end":{"line":37,"column":66}},"12":{"start":{"line":38,"column":4},"end":{"line":38,"column":11}},"13":{"start":{"line":40,"column":2},"end":{"line":43,"column":3}},"14":{"start":{"line":41,"column":4},"end":{"line":41,"column":66}},"15":{"start":{"line":42,"column":4},"end":{"line":42,"column":11}},"16":{"start":{"line":45,"column":2},"end":{"line":51,"column":3}},"17":{"start":{"line":46,"column":18},"end":{"line":46,"column":72}},"18":{"start":{"line":47,"column":4},"end":{"line":47,"column":47}},"19":{"start":{"line":49,"column":4},"end":{"line":49,"column":44}},"20":{"start":{"line":50,"column":4},"end":{"line":50,"column":58}},"21":{"start":{"line":57,"column":0},"end":{"line":67,"column":3}},"22":{"start":{"line":58,"column":2},"end":{"line":66,"column":3}},"23":{"start":{"line":60,"column":21},"end":{"line":60,"column":46}},"24":{"start":{"line":62,"column":4},"end":{"line":62,"column":46}},"25":{"start":{"line":65,"column":4},"end":{"line":65,"column":61}},"26":{"start":{"line":72,"column":0},"end":{"line":86,"column":3}},"27":{"start":{"line":73,"column":2},"end":{"line":73,"column":29}},"28":{"start":{"line":74,"column":2},"end":{"line":85,"column":3}},"29":{"start":{"line":76,"column":19},"end":{"line":76,"column":53}},"30":{"start":{"line":77,"column":4},"end":{"line":80,"column":5}},"31":{"start":{"line":78,"column":6},"end":{"line":78,"column":54}},"32":{"start":{"line":79,"column":6},"end":{"line":79,"column":13}},"33":{"start":{"line":82,"column":4},"end":{"line":82,"column":43}},"34":{"start":{"line":84,"column":4},"end":{"line":84,"column":57}},"35":{"start":{"line":92,"column":0},"end":{"line":114,"column":3}},"36":{"start":{"line":94,"column":2},"end":{"line":97,"column":3}},"37":{"start":{"line":95,"column":4},"end":{"line":95,"column":83}},"38":{"start":{"line":96,"column":4},"end":{"line":96,"column":11}},"39":{"start":{"line":99,"column":2},"end":{"line":113,"column":3}},"40":{"start":{"line":100,"column":4},"end":{"line":110,"column":5}},"41":{"start":{"line":102,"column":22},"end":{"line":105,"column":7}},"42":{"start":{"line":106,"column":21},"end":{"line":106,"column":49}},"43":{"start":{"line":107,"column":6},"end":{"line":107,"column":54}},"44":{"start":{"line":109,"column":6},"end":{"line":109,"column":63}},"45":{"start":{"line":112,"column":4},"end":{"line":112,"column":64}},"46":{"start":{"line":119,"column":0},"end":{"line":131,"column":3}},"47":{"start":{"line":120,"column":2},"end":{"line":130,"column":3}},"48":{"start":{"line":121,"column":19},"end":{"line":121,"column":56}},"49":{"start":{"line":122,"column":4},"end":{"line":125,"column":5}},"50":{"start":{"line":123,"column":6},"end":{"line":123,"column":64}},"51":{"start":{"line":124,"column":6},"end":{"line":124,"column":13}},"52":{"start":{"line":127,"column":4},"end":{"line":127,"column":46}},"53":{"start":{"line":129,"column":4},"end":{"line":129,"column":57}},"54":{"start":{"line":136,"column":0},"end":{"line":150,"column":3}},"55":{"start":{"line":137,"column":2},"end":{"line":137,"column":31}},"56":{"start":{"line":139,"column":2},"end":{"line":142,"column":3}},"57":{"start":{"line":140,"column":4},"end":{"line":140,"column":55}},"58":{"start":{"line":141,"column":4},"end":{"line":141,"column":11}},"59":{"start":{"line":143,"column":2},"end":{"line":149,"column":3}},"60":{"start":{"line":144,"column":19},"end":{"line":144,"column":75}},"61":{"start":{"line":146,"column":4},"end":{"line":146,"column":46}},"62":{"start":{"line":148,"column":4},"end":{"line":148,"column":57}},"63":{"start":{"line":153,"column":0},"end":{"line":153,"column":24}}},"fnMap":{"0":{"name":"(anonymous_0)","decl":{"start":{"line":26,"column":16},"end":{"line":26,"column":17}},"loc":{"start":{"line":26,"column":32},"end":{"line":28,"column":1}},"line":26},"1":{"name":"(anonymous_1)","decl":{"start":{"line":34,"column":22},"end":{"line":34,"column":23}},"loc":{"start":{"line":34,"column":37},"end":{"line":52,"column":1}},"line":34},"2":{"name":"(anonymous_2)","decl":{"start":{"line":57,"column":21},"end":{"line":57,"column":22}},"loc":{"start":{"line":57,"column":43},"end":{"line":67,"column":1}},"line":57},"3":{"name":"(anonymous_3)","decl":{"start":{"line":72,"column":24},"end":{"line":72,"column":25}},"loc":{"start":{"line":72,"column":44},"end":{"line":86,"column":1}},"line":72},"4":{"name":"(anonymous_4)","decl":{"start":{"line":92,"column":21},"end":{"line":92,"column":22}},"loc":{"start":{"line":92,"column":42},"end":{"line":114,"column":1}},"line":92},"5":{"name":"(anonymous_5)","decl":{"start":{"line":119,"column":27},"end":{"line":119,"column":28}},"loc":{"start":{"line":119,"column":47},"end":{"line":131,"column":1}},"line":119},"6":{"name":"(anonymous_6)","decl":{"start":{"line":136,"column":24},"end":{"line":136,"column":25}},"loc":{"start":{"line":136,"column":44},"end":{"line":150,"column":1}},"line":136}},"branchMap":{"0":{"loc":{"start":{"line":36,"column":2},"end":{"line":39,"column":3}},"type":"if","locations":[{"start":{"line":36,"column":2},"end":{"line":39,"column":3}},{"start":{},"end":{}}],"line":36},"1":{"loc":{"start":{"line":36,"column":6},"end":{"line":36,"column":52}},"type":"binary-expr","locations":[{"start":{"line":36,"column":6},"end":{"line":36,"column":24}},{"start":{"line":36,"column":28},"end":{"line":36,"column":52}}],"line":36},"2":{"loc":{"start":{"line":40,"column":2},"end":{"line":43,"column":3}},"type":"if","locations":[{"start":{"line":40,"column":2},"end":{"line":43,"column":3}},{"start":{},"end":{}}],"line":40},"3":{"loc":{"start":{"line":40,"column":6},"end":{"line":40,"column":52}},"type":"binary-expr","locations":[{"start":{"line":40,"column":6},"end":{"line":40,"column":24}},{"start":{"line":40,"column":28},"end":{"line":40,"column":52}}],"line":40},"4":{"loc":{"start":{"line":77,"column":4},"end":{"line":80,"column":5}},"type":"if","locations":[{"start":{"line":77,"column":4},"end":{"line":80,"column":5}},{"start":{},"end":{}}],"line":77},"5":{"loc":{"start":{"line":94,"column":2},"end":{"line":97,"column":3}},"type":"if","locations":[{"start":{"line":94,"column":2},"end":{"line":97,"column":3}},{"start":{},"end":{}}],"line":94},"6":{"loc":{"start":{"line":94,"column":6},"end":{"line":94,"column":46}},"type":"binary-expr","locations":[{"start":{"line":94,"column":6},"end":{"line":94,"column":24}},{"start":{"line":94,"column":28},"end":{"line":94,"column":46}}],"line":94},"7":{"loc":{"start":{"line":99,"column":2},"end":{"line":113,"column":3}},"type":"if","locations":[{"start":{"line":99,"column":2},"end":{"line":113,"column":3}},{"start":{"line":111,"column":9},"end":{"line":113,"column":3}}],"line":99},"8":{"loc":{"start":{"line":122,"column":4},"end":{"line":125,"column":5}},"type":"if","locations":[{"start":{"line":122,"column":4},"end":{"line":125,"column":5}},{"start":{},"end":{}}],"line":122},"9":{"loc":{"start":{"line":139,"column":2},"end":{"line":142,"column":3}},"type":"if","locations":[{"start":{"line":139,"column":2},"end":{"line":142,"column":3}},{"start":{},"end":{}}],"line":139}},"s":{"0":2,"1":2,"2":2,"3":2,"4":2,"5":2,"6":2,"7":2,"8":0,"9":2,"10":3,"11":2,"12":2,"13":1,"14":0,"15":0,"16":1,"17":1,"18":1,"19":0,"20":0,"21":2,"22":1,"23":1,"24":1,"25":0,"26":2,"27":2,"28":2,"29":2,"30":2,"31":1,"32":1,"33":1,"34":0,"35":2,"36":0,"37":0,"38":0,"39":0,"40":0,"41":0,"42":0,"43":0,"44":0,"45":0,"46":2,"47":0,"48":0,"49":0,"50":0,"51":0,"52":0,"53":0,"54":2,"55":0,"56":0,"57":0,"58":0,"59":0,"60":0,"61":0,"62":0,"63":2},"f":{"0":0,"1":3,"2":1,"3":2,"4":0,"5":0,"6":0},"b":{"0":[2,1],"1":[3,1],"2":[0,1],"3":[1,1],"4":[1,1],"5":[0,0],"6":[0,0],"7":[0,0],"8":[0,0],"9":[0,0]},"_coverageSchema":"1a1c01bbd47fc00a2c39e90264f33305004495a9","hash":"9cc5199625cbf10b1244139333f981173a707ad6"}
,"/Users/ericfouh/Downloads/cis3500_sp24/prep_code/backend_prep/controller/utils/auth.js": {"path":"/Users/ericfouh/Downloads/cis3500_sp24/prep_code/backend_prep/controller/utils/auth.js","statementMap":{"0":{"start":{"line":9,"column":12},"end":{"line":9,"column":35}},"1":{"start":{"line":12,"column":0},"end":{"line":12,"column":27}},"2":{"start":{"line":15,"column":27},"end":{"line":15,"column":55}},"3":{"start":{"line":22,"column":25},"end":{"line":30,"column":1}},"4":{"start":{"line":23,"column":2},"end":{"line":29,"column":3}},"5":{"start":{"line":24,"column":18},"end":{"line":24,"column":80}},"6":{"start":{"line":25,"column":4},"end":{"line":25,"column":32}},"7":{"start":{"line":26,"column":4},"end":{"line":26,"column":17}},"8":{"start":{"line":28,"column":4},"end":{"line":28,"column":38}},"9":{"start":{"line":37,"column":19},"end":{"line":59,"column":1}},"10":{"start":{"line":38,"column":2},"end":{"line":58,"column":3}},"11":{"start":{"line":40,"column":20},"end":{"line":40,"column":54}},"12":{"start":{"line":41,"column":4},"end":{"line":41,"column":36}},"13":{"start":{"line":43,"column":17},"end":{"line":43,"column":55}},"14":{"start":{"line":44,"column":4},"end":{"line":47,"column":5}},"15":{"start":{"line":46,"column":6},"end":{"line":46,"column":15}},"16":{"start":{"line":48,"column":4},"end":{"line":48,"column":13}},"17":{"start":{"line":51,"column":4},"end":{"line":54,"column":5}},"18":{"start":{"line":52,"column":6},"end":{"line":52,"column":40}},"19":{"start":{"line":53,"column":6},"end":{"line":53,"column":15}},"20":{"start":{"line":56,"column":4},"end":{"line":56,"column":38}},"21":{"start":{"line":57,"column":4},"end":{"line":57,"column":13}},"22":{"start":{"line":68,"column":0},"end":{"line":68,"column":50}}},"fnMap":{"0":{"name":"(anonymous_0)","decl":{"start":{"line":22,"column":25},"end":{"line":22,"column":26}},"loc":{"start":{"line":22,"column":39},"end":{"line":30,"column":1}},"line":22},"1":{"name":"(anonymous_1)","decl":{"start":{"line":37,"column":19},"end":{"line":37,"column":20}},"loc":{"start":{"line":37,"column":36},"end":{"line":59,"column":1}},"line":37}},"branchMap":{"0":{"loc":{"start":{"line":44,"column":4},"end":{"line":47,"column":5}},"type":"if","locations":[{"start":{"line":44,"column":4},"end":{"line":47,"column":5}},{"start":{},"end":{}}],"line":44},"1":{"loc":{"start":{"line":51,"column":4},"end":{"line":54,"column":5}},"type":"if","locations":[{"start":{"line":51,"column":4},"end":{"line":54,"column":5}},{"start":{},"end":{}}],"line":51}},"s":{"0":2,"1":2,"2":2,"3":2,"4":1,"5":1,"6":1,"7":1,"8":0,"9":2,"10":0,"11":0,"12":0,"13":0,"14":0,"15":0,"16":0,"17":0,"18":0,"19":0,"20":0,"21":0,"22":2},"f":{"0":1,"1":0},"b":{"0":[0,0],"1":[0,0]},"_coverageSchema":"1a1c01bbd47fc00a2c39e90264f33305004495a9","hash":"d5da827779155d1d4864172e9cf97661e5e8421d"}
,"/Users/ericfouh/Downloads/cis3500_sp24/prep_code/backend_prep/model/dbUtils.js": {"path":"/Users/ericfouh/Downloads/cis3500_sp24/prep_code/backend_prep/model/dbUtils.js","statementMap":{"0":{"start":{"line":4,"column":0},"end":{"line":4,"column":27}},"1":{"start":{"line":7,"column":24},"end":{"line":7,"column":42}},"2":{"start":{"line":10,"column":14},"end":{"line":10,"column":32}},"3":{"start":{"line":20,"column":16},"end":{"line":32,"column":1}},"4":{"start":{"line":22,"column":2},"end":{"line":31,"column":3}},"5":{"start":{"line":23,"column":4},"end":{"line":25,"column":7}},"6":{"start":{"line":27,"column":4},"end":{"line":27,"column":73}},"7":{"start":{"line":28,"column":4},"end":{"line":28,"column":27}},"8":{"start":{"line":30,"column":4},"end":{"line":30,"column":29}},"9":{"start":{"line":37,"column":14},"end":{"line":43,"column":1}},"10":{"start":{"line":39,"column":2},"end":{"line":41,"column":3}},"11":{"start":{"line":40,"column":4},"end":{"line":40,"column":20}},"12":{"start":{"line":42,"column":2},"end":{"line":42,"column":30}},"13":{"start":{"line":49,"column":31},"end":{"line":51,"column":1}},"14":{"start":{"line":50,"column":2},"end":{"line":50,"column":32}},"15":{"start":{"line":54,"column":0},"end":{"line":58,"column":2}}},"fnMap":{"0":{"name":"(anonymous_0)","decl":{"start":{"line":20,"column":16},"end":{"line":20,"column":17}},"loc":{"start":{"line":20,"column":28},"end":{"line":32,"column":1}},"line":20},"1":{"name":"(anonymous_1)","decl":{"start":{"line":37,"column":14},"end":{"line":37,"column":15}},"loc":{"start":{"line":37,"column":26},"end":{"line":43,"column":1}},"line":37},"2":{"name":"(anonymous_2)","decl":{"start":{"line":49,"column":31},"end":{"line":49,"column":32}},"loc":{"start":{"line":49,"column":43},"end":{"line":51,"column":1}},"line":49}},"branchMap":{"0":{"loc":{"start":{"line":39,"column":2},"end":{"line":41,"column":3}},"type":"if","locations":[{"start":{"line":39,"column":2},"end":{"line":41,"column":3}},{"start":{},"end":{}}],"line":39}},"s":{"0":2,"1":2,"2":2,"3":2,"4":2,"5":2,"6":2,"7":2,"8":0,"9":2,"10":3,"11":0,"12":3,"13":2,"14":2,"15":2},"f":{"0":2,"1":3,"2":2},"b":{"0":[0,3]},"_coverageSchema":"1a1c01bbd47fc00a2c39e90264f33305004495a9","hash":"16241746e634e418f2a1da7a1c8893f44142be3e"}
,"/Users/ericfouh/Downloads/cis3500_sp24/prep_code/backend_prep/model/users.js": {"path":"/Users/ericfouh/Downloads/cis3500_sp24/prep_code/backend_prep/model/users.js","statementMap":{"0":{"start":{"line":4,"column":21},"end":{"line":4,"column":39}},"1":{"start":{"line":5,"column":42},"end":{"line":5,"column":62}},"2":{"start":{"line":14,"column":16},"end":{"line":26,"column":1}},"3":{"start":{"line":15,"column":2},"end":{"line":25,"column":3}},"4":{"start":{"line":17,"column":15},"end":{"line":17,"column":28}},"5":{"start":{"line":18,"column":19},"end":{"line":18,"column":66}},"6":{"start":{"line":20,"column":4},"end":{"line":20,"column":66}},"7":{"start":{"line":22,"column":4},"end":{"line":22,"column":29}},"8":{"start":{"line":24,"column":4},"end":{"line":24,"column":41}},"9":{"start":{"line":32,"column":20},"end":{"line":43,"column":1}},"10":{"start":{"line":33,"column":2},"end":{"line":42,"column":3}},"11":{"start":{"line":35,"column":15},"end":{"line":35,"column":28}},"12":{"start":{"line":36,"column":19},"end":{"line":36,"column":66}},"13":{"start":{"line":38,"column":4},"end":{"line":38,"column":52}},"14":{"start":{"line":39,"column":4},"end":{"line":39,"column":18}},"15":{"start":{"line":41,"column":4},"end":{"line":41,"column":41}},"16":{"start":{"line":50,"column":16},"end":{"line":61,"column":1}},"17":{"start":{"line":51,"column":2},"end":{"line":60,"column":3}},"18":{"start":{"line":53,"column":15},"end":{"line":53,"column":28}},"19":{"start":{"line":54,"column":19},"end":{"line":54,"column":86}},"20":{"start":{"line":56,"column":4},"end":{"line":56,"column":51}},"21":{"start":{"line":57,"column":4},"end":{"line":57,"column":18}},"22":{"start":{"line":59,"column":4},"end":{"line":59,"column":41}},"23":{"start":{"line":68,"column":23},"end":{"line":79,"column":1}},"24":{"start":{"line":69,"column":2},"end":{"line":78,"column":3}},"25":{"start":{"line":71,"column":15},"end":{"line":71,"column":28}},"26":{"start":{"line":72,"column":19},"end":{"line":72,"column":69}},"27":{"start":{"line":74,"column":4},"end":{"line":74,"column":54}},"28":{"start":{"line":75,"column":4},"end":{"line":75,"column":18}},"29":{"start":{"line":77,"column":4},"end":{"line":77,"column":41}},"30":{"start":{"line":82,"column":19},"end":{"line":94,"column":1}},"31":{"start":{"line":83,"column":2},"end":{"line":93,"column":3}},"32":{"start":{"line":85,"column":15},"end":{"line":85,"column":28}},"33":{"start":{"line":86,"column":19},"end":{"line":89,"column":5}},"34":{"start":{"line":90,"column":4},"end":{"line":90,"column":18}},"35":{"start":{"line":92,"column":4},"end":{"line":92,"column":41}},"36":{"start":{"line":97,"column":19},"end":{"line":110,"column":1}},"37":{"start":{"line":98,"column":2},"end":{"line":109,"column":3}},"38":{"start":{"line":100,"column":15},"end":{"line":100,"column":28}},"39":{"start":{"line":101,"column":19},"end":{"line":103,"column":5}},"40":{"start":{"line":105,"column":4},"end":{"line":105,"column":54}},"41":{"start":{"line":106,"column":4},"end":{"line":106,"column":18}},"42":{"start":{"line":108,"column":4},"end":{"line":108,"column":41}},"43":{"start":{"line":114,"column":2},"end":{"line":114,"column":22}},"44":{"start":{"line":116,"column":2},"end":{"line":116,"column":33}},"45":{"start":{"line":120,"column":0},"end":{"line":127,"column":2}}},"fnMap":{"0":{"name":"(anonymous_0)","decl":{"start":{"line":14,"column":16},"end":{"line":14,"column":17}},"loc":{"start":{"line":14,"column":35},"end":{"line":26,"column":1}},"line":14},"1":{"name":"(anonymous_1)","decl":{"start":{"line":32,"column":20},"end":{"line":32,"column":21}},"loc":{"start":{"line":32,"column":32},"end":{"line":43,"column":1}},"line":32},"2":{"name":"(anonymous_2)","decl":{"start":{"line":50,"column":16},"end":{"line":50,"column":17}},"loc":{"start":{"line":50,"column":34},"end":{"line":61,"column":1}},"line":50},"3":{"name":"(anonymous_3)","decl":{"start":{"line":68,"column":23},"end":{"line":68,"column":24}},"loc":{"start":{"line":68,"column":43},"end":{"line":79,"column":1}},"line":68},"4":{"name":"(anonymous_4)","decl":{"start":{"line":82,"column":19},"end":{"line":82,"column":20}},"loc":{"start":{"line":82,"column":47},"end":{"line":94,"column":1}},"line":82},"5":{"name":"(anonymous_5)","decl":{"start":{"line":97,"column":19},"end":{"line":97,"column":20}},"loc":{"start":{"line":97,"column":37},"end":{"line":110,"column":1}},"line":97},"6":{"name":"main","decl":{"start":{"line":112,"column":15},"end":{"line":112,"column":19}},"loc":{"start":{"line":112,"column":22},"end":{"line":117,"column":1}},"line":112}},"branchMap":{},"s":{"0":2,"1":2,"2":2,"3":0,"4":0,"5":0,"6":0,"7":0,"8":0,"9":2,"10":1,"11":1,"12":1,"13":1,"14":1,"15":0,"16":2,"17":2,"18":2,"19":2,"20":1,"21":1,"22":1,"23":2,"24":0,"25":0,"26":0,"27":0,"28":0,"29":0,"30":2,"31":0,"32":0,"33":0,"34":0,"35":0,"36":2,"37":0,"38":0,"39":0,"40":0,"41":0,"42":0,"43":0,"44":0,"45":2},"f":{"0":0,"1":1,"2":2,"3":0,"4":0,"5":0,"6":0},"b":{},"_coverageSchema":"1a1c01bbd47fc00a2c39e90264f33305004495a9","hash":"615614eb91bb4a8b6cd95d0c194cdbc6b9705284"}
,"/Users/ericfouh/Downloads/cis3500_sp24/prep_code/backend_prep/tests/testUtils.js": {"path":"/Users/ericfouh/Downloads/cis3500_sp24/prep_code/backend_prep/tests/testUtils.js","statementMap":{"0":{"start":{"line":4,"column":17},"end":{"line":7,"column":1}},"1":{"start":{"line":14,"column":27},"end":{"line":17,"column":1}},"2":{"start":{"line":15,"column":17},"end":{"line":15,"column":65}},"3":{"start":{"line":16,"column":2},"end":{"line":16,"column":27}},"4":{"start":{"line":24,"column":29},"end":{"line":36,"column":1}},"5":{"start":{"line":25,"column":2},"end":{"line":35,"column":3}},"6":{"start":{"line":26,"column":19},"end":{"line":26,"column":81}},"7":{"start":{"line":27,"column":29},"end":{"line":27,"column":35}},"8":{"start":{"line":28,"column":4},"end":{"line":32,"column":5}},"9":{"start":{"line":29,"column":6},"end":{"line":29,"column":63}},"10":{"start":{"line":31,"column":6},"end":{"line":31,"column":61}},"11":{"start":{"line":34,"column":4},"end":{"line":34,"column":38}},"12":{"start":{"line":46,"column":18},"end":{"line":54,"column":1}},"13":{"start":{"line":47,"column":14},"end":{"line":47,"column":19}},"14":{"start":{"line":48,"column":2},"end":{"line":52,"column":5}},"15":{"start":{"line":49,"column":4},"end":{"line":51,"column":5}},"16":{"start":{"line":50,"column":6},"end":{"line":50,"column":19}},"17":{"start":{"line":53,"column":2},"end":{"line":53,"column":15}},"18":{"start":{"line":57,"column":0},"end":{"line":62,"column":2}}},"fnMap":{"0":{"name":"(anonymous_0)","decl":{"start":{"line":14,"column":27},"end":{"line":14,"column":28}},"loc":{"start":{"line":14,"column":51},"end":{"line":17,"column":1}},"line":14},"1":{"name":"(anonymous_1)","decl":{"start":{"line":24,"column":29},"end":{"line":24,"column":30}},"loc":{"start":{"line":24,"column":53},"end":{"line":36,"column":1}},"line":24},"2":{"name":"(anonymous_2)","decl":{"start":{"line":46,"column":18},"end":{"line":46,"column":19}},"loc":{"start":{"line":46,"column":32},"end":{"line":54,"column":1}},"line":46},"3":{"name":"(anonymous_3)","decl":{"start":{"line":48,"column":10},"end":{"line":48,"column":11}},"loc":{"start":{"line":48,"column":17},"end":{"line":52,"column":3}},"line":48}},"branchMap":{"0":{"loc":{"start":{"line":28,"column":4},"end":{"line":32,"column":5}},"type":"if","locations":[{"start":{"line":28,"column":4},"end":{"line":32,"column":5}},{"start":{"line":30,"column":11},"end":{"line":32,"column":5}}],"line":28},"1":{"loc":{"start":{"line":49,"column":4},"end":{"line":51,"column":5}},"type":"if","locations":[{"start":{"line":49,"column":4},"end":{"line":51,"column":5}},{"start":{},"end":{}}],"line":49}},"s":{"0":2,"1":2,"2":1,"3":1,"4":2,"5":1,"6":1,"7":1,"8":1,"9":0,"10":1,"11":0,"12":2,"13":1,"14":1,"15":24,"16":1,"17":1,"18":2},"f":{"0":1,"1":1,"2":1,"3":24},"b":{"0":[0,1],"1":[1,23]},"_coverageSchema":"1a1c01bbd47fc00a2c39e90264f33305004495a9","hash":"a929466316a02d59bf6267ed60f6353e722422ec"}
}
