TN:
SF:controller/server.js
FN:26,(anonymous_0)
FN:34,(anonymous_1)
FN:57,(anonymous_2)
FN:72,(anonymous_3)
FN:92,(anonymous_4)
FN:119,(anonymous_5)
FN:136,(anonymous_6)
FNF:7
FNH:3
FNDA:0,(anonymous_0)
FNDA:3,(anonymous_1)
FNDA:1,(anonymous_2)
FNDA:2,(anonymous_3)
FNDA:0,(anonymous_4)
FNDA:0,(anonymous_5)
FNDA:0,(anonymous_6)
DA:6,2
DA:9,2
DA:12,2
DA:15,2
DA:17,2
DA:20,2
DA:23,2
DA:26,2
DA:27,0
DA:34,2
DA:36,3
DA:37,2
DA:38,2
DA:40,1
DA:41,0
DA:42,0
DA:45,1
DA:46,1
DA:47,1
DA:49,0
DA:50,0
DA:57,2
DA:58,1
DA:60,1
DA:62,1
DA:65,0
DA:72,2
DA:73,2
DA:74,2
DA:76,2
DA:77,2
DA:78,1
DA:79,1
DA:82,1
DA:84,0
DA:92,2
DA:94,0
DA:95,0
DA:96,0
DA:99,0
DA:100,0
DA:102,0
DA:106,0
DA:107,0
DA:109,0
DA:112,0
DA:119,2
DA:120,0
DA:121,0
DA:122,0
DA:123,0
DA:124,0
DA:127,0
DA:129,0
DA:136,2
DA:137,0
DA:139,0
DA:140,0
DA:141,0
DA:143,0
DA:144,0
DA:146,0
DA:148,0
DA:153,2
LF:64
LH:32
BRDA:36,0,0,2
BRDA:36,0,1,1
BRDA:36,1,0,3
BRDA:36,1,1,1
BRDA:40,2,0,0
BRDA:40,2,1,1
BRDA:40,3,0,1
BRDA:40,3,1,1
BRDA:77,4,0,1
BRDA:77,4,1,1
BRDA:94,5,0,0
BRDA:94,5,1,0
BRDA:94,6,0,0
BRDA:94,6,1,0
BRDA:99,7,0,0
BRDA:99,7,1,0
BRDA:122,8,0,0
BRDA:122,8,1,0
BRDA:139,9,0,0
BRDA:139,9,1,0
BRF:20
BRH:9
end_of_record
TN:
SF:controller/utils/auth.js
FN:22,(anonymous_0)
FN:37,(anonymous_1)
FNF:2
FNH:1
FNDA:1,(anonymous_0)
FNDA:0,(anonymous_1)
DA:9,2
DA:12,2
DA:15,2
DA:22,2
DA:23,1
DA:24,1
DA:25,1
DA:26,1
DA:28,0
DA:37,2
DA:38,0
DA:40,0
DA:41,0
DA:43,0
DA:44,0
DA:46,0
DA:48,0
DA:51,0
DA:52,0
DA:53,0
DA:56,0
DA:57,0
DA:68,2
LF:23
LH:10
BRDA:44,0,0,0
BRDA:44,0,1,0
BRDA:51,1,0,0
BRDA:51,1,1,0
BRF:4
BRH:0
end_of_record
TN:
SF:model/dbUtils.js
FN:20,(anonymous_0)
FN:37,(anonymous_1)
FN:49,(anonymous_2)
FNF:3
FNH:3
FNDA:2,(anonymous_0)
FNDA:3,(anonymous_1)
FNDA:2,(anonymous_2)
DA:4,2
DA:7,2
DA:10,2
DA:20,2
DA:22,2
DA:23,2
DA:27,2
DA:28,2
DA:30,0
DA:37,2
DA:39,3
DA:40,0
DA:42,3
DA:49,2
DA:50,2
DA:54,2
LF:16
LH:14
BRDA:39,0,0,0
BRDA:39,0,1,3
BRF:2
BRH:1
end_of_record
TN:
SF:model/users.js
FN:14,(anonymous_0)
FN:32,(anonymous_1)
FN:50,(anonymous_2)
FN:68,(anonymous_3)
FN:82,(anonymous_4)
FN:97,(anonymous_5)
FN:112,main
FNF:7
FNH:2
FNDA:0,(anonymous_0)
FNDA:1,(anonymous_1)
FNDA:2,(anonymous_2)
FNDA:0,(anonymous_3)
FNDA:0,(anonymous_4)
FNDA:0,(anonymous_5)
FNDA:0,main
DA:4,2
DA:5,2
DA:14,2
DA:15,0
DA:17,0
DA:18,0
DA:20,0
DA:22,0
DA:24,0
DA:32,2
DA:33,1
DA:35,1
DA:36,1
DA:38,1
DA:39,1
DA:41,0
DA:50,2
DA:51,2
DA:53,2
DA:54,2
DA:56,1
DA:57,1
DA:59,1
DA:68,2
DA:69,0
DA:71,0
DA:72,0
DA:74,0
DA:75,0
DA:77,0
DA:82,2
DA:83,0
DA:85,0
DA:86,0
DA:90,0
DA:92,0
DA:97,2
DA:98,0
DA:100,0
DA:101,0
DA:105,0
DA:106,0
DA:108,0
DA:114,0
DA:116,0
DA:120,2
LF:46
LH:20
BRF:0
BRH:0
end_of_record
TN:
SF:tests/testUtils.js
FN:14,(anonymous_0)
FN:24,(anonymous_1)
FN:46,(anonymous_2)
FN:48,(anonymous_3)
FNF:4
FNH:4
FNDA:1,(anonymous_0)
FNDA:1,(anonymous_1)
FNDA:1,(anonymous_2)
FNDA:24,(anonymous_3)
DA:4,2
DA:14,2
DA:15,1
DA:16,1
DA:24,2
DA:25,1
DA:26,1
DA:27,1
DA:28,1
DA:29,0
DA:31,1
DA:34,0
DA:46,2
DA:47,1
DA:48,1
DA:49,24
DA:50,1
DA:53,1
DA:57,2
LF:19
LH:17
BRDA:28,0,0,0
BRDA:28,0,1,1
BRDA:49,1,0,1
BRDA:49,1,1,23
BRF:4
BRH:3
end_of_record
