<?xml version="1.0" encoding="UTF-8"?>
<coverage generated="1666375710929" clover="3.2.0">
  <project timestamp="1666375710929" name="All files">
    <metrics statements="39" coveredstatements="28" conditionals="8" coveredconditionals="6" methods="13" coveredmethods="10" elements="60" coveredelements="44" complexity="0" loc="39" ncloc="39" packages="1" files="2" classes="2"/>
    <file name="App.js" path="/Users/ericfouh/Documents/GitHub-Repos/Code-Examples/react/spa_snapshot_testing/weatherappspa/src/App.js">
      <metrics statements="35" coveredstatements="25" conditionals="8" coveredconditionals="6" methods="12" coveredmethods="9"/>
      <line num="6" count="5" type="stmt"/>
      <line num="7" count="5" type="stmt"/>
      <line num="9" count="5" type="stmt"/>
      <line num="11" count="5" type="stmt"/>
      <line num="15" count="4" type="stmt"/>
      <line num="16" count="4" type="stmt"/>
      <line num="17" count="4" type="cond" truecount="1" falsecount="1"/>
      <line num="18" count="4" type="stmt"/>
      <line num="21" count="4" type="stmt"/>
      <line num="22" count="4" type="cond" truecount="3" falsecount="1"/>
      <line num="23" count="0" type="stmt"/>
      <line num="25" count="4" type="cond" truecount="2" falsecount="0"/>
      <line num="26" count="1" type="stmt"/>
      <line num="27" count="0" type="stmt"/>
      <line num="28" count="0" type="stmt"/>
      <line num="29" count="0" type="stmt"/>
      <line num="30" count="0" type="stmt"/>
      <line num="31" count="0" type="stmt"/>
      <line num="32" count="0" type="stmt"/>
      <line num="37" count="5" type="stmt"/>
      <line num="38" count="12" type="stmt"/>
      <line num="41" count="5" type="stmt"/>
      <line num="43" count="0" type="stmt"/>
      <line num="45" count="0" type="stmt"/>
      <line num="47" count="5" type="stmt"/>
      <line num="49" count="1" type="stmt"/>
      <line num="51" count="1" type="stmt"/>
      <line num="52" count="1" type="stmt"/>
      <line num="55" count="5" type="stmt"/>
      <line num="59" count="12" type="stmt"/>
      <line num="60" count="0" type="stmt"/>
      <line num="68" count="35" type="stmt"/>
      <line num="74" count="1" type="stmt"/>
      <line num="82" count="1" type="stmt"/>
      <line num="83" count="1" type="stmt"/>
    </file>
    <file name="getData.js" path="/Users/ericfouh/Documents/GitHub-Repos/Code-Examples/react/spa_snapshot_testing/weatherappspa/src/getData.js">
      <metrics statements="4" coveredstatements="3" conditionals="0" coveredconditionals="0" methods="1" coveredmethods="1"/>
      <line num="6" count="1" type="stmt"/>
      <line num="7" count="1" type="stmt"/>
      <line num="8" count="1" type="stmt"/>
      <line num="10" count="0" type="stmt"/>
    </file>
  </project>
</coverage>
