<?xml version="1.0" encoding="UTF-8"?>
<coverage generated="1677621625527" clover="3.2.0">
  <project timestamp="1677621625527" name="All files">
    <metrics statements="46" coveredstatements="14" conditionals="8" coveredconditionals="1" methods="13" coveredmethods="3" elements="67" coveredelements="18" complexity="0" loc="46" ncloc="46" packages="3" files="5" classes="5"/>
    <package name="src">
      <metrics statements="3" coveredstatements="3" conditionals="0" coveredconditionals="0" methods="2" coveredmethods="2"/>
      <file name="App.js" path="/Users/ericfouh/Downloads/CIS3500-SP23/Lecture-Examples/Fall23/weatherapp/src/App.js">
        <metrics statements="3" coveredstatements="3" conditionals="0" coveredconditionals="0" methods="2" coveredmethods="2"/>
        <line num="11" count="2" type="stmt"/>
        <line num="13" count="2" type="stmt"/>
        <line num="21" count="16" type="stmt"/>
      </file>
    </package>
    <package name="src.api">
      <metrics statements="4" coveredstatements="1" conditionals="0" coveredconditionals="0" methods="1" coveredmethods="0"/>
      <file name="getData.js" path="/Users/ericfouh/Downloads/CIS3500-SP23/Lecture-Examples/Fall23/weatherapp/src/api/getData.js">
        <metrics statements="4" coveredstatements="1" conditionals="0" coveredconditionals="0" methods="1" coveredmethods="0"/>
        <line num="5" count="1" type="stmt"/>
        <line num="6" count="0" type="stmt"/>
        <line num="7" count="0" type="stmt"/>
        <line num="8" count="0" type="stmt"/>
      </file>
    </package>
    <package name="src.components">
      <metrics statements="39" coveredstatements="10" conditionals="8" coveredconditionals="1" methods="10" coveredmethods="1"/>
      <file name="LoginComponent.js" path="/Users/ericfouh/Downloads/CIS3500-SP23/Lecture-Examples/Fall23/weatherapp/src/components/LoginComponent.js">
        <metrics statements="11" coveredstatements="6" conditionals="2" coveredconditionals="1" methods="3" coveredmethods="1"/>
        <line num="6" count="2" type="stmt"/>
        <line num="7" count="2" type="stmt"/>
        <line num="9" count="2" type="stmt"/>
        <line num="11" count="0" type="stmt"/>
        <line num="12" count="0" type="stmt"/>
        <line num="15" count="2" type="stmt"/>
        <line num="16" count="0" type="stmt"/>
        <line num="17" count="0" type="stmt"/>
        <line num="20" count="2" type="cond" truecount="1" falsecount="1"/>
        <line num="21" count="2" type="stmt"/>
        <line num="33" count="0" type="stmt"/>
      </file>
      <file name="TypedCityComponent.js" path="/Users/ericfouh/Downloads/CIS3500-SP23/Lecture-Examples/Fall23/weatherapp/src/components/TypedCityComponent.js">
        <metrics statements="10" coveredstatements="0" conditionals="2" coveredconditionals="0" methods="3" coveredmethods="0"/>
        <line num="5" count="0" type="stmt"/>
        <line num="6" count="0" type="stmt"/>
        <line num="8" count="0" type="stmt"/>
        <line num="10" count="0" type="stmt"/>
        <line num="13" count="0" type="stmt"/>
        <line num="15" count="0" type="stmt"/>
        <line num="17" count="0" type="stmt"/>
        <line num="20" count="0" type="cond" truecount="0" falsecount="2"/>
        <line num="21" count="0" type="stmt"/>
        <line num="28" count="0" type="stmt"/>
      </file>
      <file name="WeatherComponent.js" path="/Users/ericfouh/Downloads/CIS3500-SP23/Lecture-Examples/Fall23/weatherapp/src/components/WeatherComponent.js">
        <metrics statements="18" coveredstatements="4" conditionals="4" coveredconditionals="0" methods="4" coveredmethods="0"/>
        <line num="7" count="0" type="stmt"/>
        <line num="33" count="1" type="stmt"/>
        <line num="38" count="1" type="stmt"/>
        <line num="46" count="0" type="stmt"/>
        <line num="47" count="0" type="stmt"/>
        <line num="50" count="0" type="cond" truecount="0" falsecount="4"/>
        <line num="51" count="0" type="stmt"/>
        <line num="53" count="0" type="stmt"/>
        <line num="57" count="0" type="stmt"/>
        <line num="59" count="0" type="stmt"/>
        <line num="60" count="0" type="stmt"/>
        <line num="61" count="0" type="stmt"/>
        <line num="62" count="0" type="stmt"/>
        <line num="64" count="0" type="stmt"/>
        <line num="68" count="0" type="stmt"/>
        <line num="70" count="0" type="stmt"/>
        <line num="77" count="1" type="stmt"/>
        <line num="80" count="1" type="stmt"/>
      </file>
    </package>
  </project>
</coverage>
