{"/Users/ericfouh/Downloads/CIS3500-SP23/Lecture-Examples/Fall23/weatherapp/src/App.js": {"path":"/Users/ericfouh/Downloads/CIS3500-SP23/Lecture-Examples/Fall23/weatherapp/src/App.js","statementMap":{"0":{"start":{"line":11,"column":17},"end":{"line":11,"column":105}},"1":{"start":{"line":13,"column":2},"end":{"line":37,"column":4}},"2":{"start":{"line":21,"column":16},"end":{"line":21,"column":76}}},"fnMap":{"0":{"name":"WeatherApp","decl":{"start":{"line":10,"column":9},"end":{"line":10,"column":19}},"loc":{"start":{"line":10,"column":22},"end":{"line":38,"column":1}},"line":10},"1":{"name":"(anonymous_1)","decl":{"start":{"line":20,"column":26},"end":{"line":20,"column":27}},"loc":{"start":{"line":21,"column":16},"end":{"line":21,"column":76}},"line":21}},"branchMap":{},"s":{"0":2,"1":2,"2":16},"f":{"0":2,"1":16},"b":{},"_coverageSchema":"1a1c01bbd47fc00a2c39e90264f33305004495a9","hash":"018825c40963f94148332ddf7d036c1e216fbb8b"}
,"/Users/ericfouh/Downloads/CIS3500-SP23/Lecture-Examples/Fall23/weatherapp/src/api/getData.js": {"path":"/Users/ericfouh/Downloads/CIS3500-SP23/Lecture-Examples/Fall23/weatherapp/src/api/getData.js","statementMap":{"0":{"start":{"line":5,"column":19},"end":{"line":9,"column":1}},"1":{"start":{"line":6,"column":14},"end":{"line":6,"column":126}},"2":{"start":{"line":7,"column":14},"end":{"line":7,"column":34}},"3":{"start":{"line":8,"column":2},"end":{"line":8,"column":18}}},"fnMap":{"0":{"name":"(anonymous_0)","decl":{"start":{"line":5,"column":19},"end":{"line":5,"column":20}},"loc":{"start":{"line":5,"column":35},"end":{"line":9,"column":1}},"line":5}},"branchMap":{},"s":{"0":1,"1":0,"2":0,"3":0},"f":{"0":0},"b":{},"_coverageSchema":"1a1c01bbd47fc00a2c39e90264f33305004495a9","hash":"bbd4b3815b60be62ed108b6d35b38756f7155f7c"}
,"/Users/ericfouh/Downloads/CIS3500-SP23/Lecture-Examples/Fall23/weatherapp/src/components/LoginComponent.js": {"path":"/Users/ericfouh/Downloads/CIS3500-SP23/Lecture-Examples/Fall23/weatherapp/src/components/LoginComponent.js","statementMap":{"0":{"start":{"line":6,"column":28},"end":{"line":6,"column":43}},"1":{"start":{"line":7,"column":15},"end":{"line":7,"column":25}},"2":{"start":{"line":9,"column":22},"end":{"line":13,"column":3}},"3":{"start":{"line":11,"column":4},"end":{"line":11,"column":21}},"4":{"start":{"line":12,"column":4},"end":{"line":12,"column":41}},"5":{"start":{"line":15,"column":23},"end":{"line":18,"column":3}},"6":{"start":{"line":16,"column":4},"end":{"line":16,"column":34}},"7":{"start":{"line":17,"column":4},"end":{"line":17,"column":41}},"8":{"start":{"line":20,"column":2},"end":{"line":31,"column":3}},"9":{"start":{"line":21,"column":4},"end":{"line":30,"column":6}},"10":{"start":{"line":33,"column":2},"end":{"line":41,"column":4}}},"fnMap":{"0":{"name":"LoginComponent","decl":{"start":{"line":4,"column":9},"end":{"line":4,"column":23}},"loc":{"start":{"line":4,"column":26},"end":{"line":42,"column":1}},"line":4},"1":{"name":"(anonymous_1)","decl":{"start":{"line":9,"column":22},"end":{"line":9,"column":23}},"loc":{"start":{"line":9,"column":29},"end":{"line":13,"column":3}},"line":9},"2":{"name":"(anonymous_2)","decl":{"start":{"line":15,"column":23},"end":{"line":15,"column":24}},"loc":{"start":{"line":15,"column":30},"end":{"line":18,"column":3}},"line":15}},"branchMap":{"0":{"loc":{"start":{"line":20,"column":2},"end":{"line":31,"column":3}},"type":"if","locations":[{"start":{"line":20,"column":2},"end":{"line":31,"column":3}},{"start":{},"end":{}}],"line":20}},"s":{"0":2,"1":2,"2":2,"3":0,"4":0,"5":2,"6":0,"7":0,"8":2,"9":2,"10":0},"f":{"0":2,"1":0,"2":0},"b":{"0":[2,0]},"_coverageSchema":"1a1c01bbd47fc00a2c39e90264f33305004495a9","hash":"e4dc2f22ae933b4c700303889aff4ef6a7007102"}
,"/Users/ericfouh/Downloads/CIS3500-SP23/Lecture-Examples/Fall23/weatherapp/src/components/TypedCityComponent.js": {"path":"/Users/ericfouh/Downloads/CIS3500-SP23/Lecture-Examples/Fall23/weatherapp/src/components/TypedCityComponent.js","statementMap":{"0":{"start":{"line":5,"column":22},"end":{"line":5,"column":34}},"1":{"start":{"line":6,"column":20},"end":{"line":6,"column":30}},"2":{"start":{"line":8,"column":25},"end":{"line":11,"column":3}},"3":{"start":{"line":10,"column":4},"end":{"line":10,"column":39}},"4":{"start":{"line":13,"column":24},"end":{"line":18,"column":3}},"5":{"start":{"line":15,"column":4},"end":{"line":15,"column":76}},"6":{"start":{"line":17,"column":4},"end":{"line":17,"column":31}},"7":{"start":{"line":20,"column":2},"end":{"line":27,"column":3}},"8":{"start":{"line":21,"column":4},"end":{"line":26,"column":6}},"9":{"start":{"line":28,"column":2},"end":{"line":34,"column":4}}},"fnMap":{"0":{"name":"TypedCityComponent","decl":{"start":{"line":4,"column":9},"end":{"line":4,"column":27}},"loc":{"start":{"line":4,"column":30},"end":{"line":35,"column":1}},"line":4},"1":{"name":"(anonymous_1)","decl":{"start":{"line":8,"column":25},"end":{"line":8,"column":26}},"loc":{"start":{"line":8,"column":32},"end":{"line":11,"column":3}},"line":8},"2":{"name":"(anonymous_2)","decl":{"start":{"line":13,"column":24},"end":{"line":13,"column":25}},"loc":{"start":{"line":13,"column":30},"end":{"line":18,"column":3}},"line":13}},"branchMap":{"0":{"loc":{"start":{"line":20,"column":2},"end":{"line":27,"column":3}},"type":"if","locations":[{"start":{"line":20,"column":2},"end":{"line":27,"column":3}},{"start":{},"end":{}}],"line":20}},"s":{"0":0,"1":0,"2":0,"3":0,"4":0,"5":0,"6":0,"7":0,"8":0,"9":0},"f":{"0":0,"1":0,"2":0},"b":{"0":[0,0]},"_coverageSchema":"1a1c01bbd47fc00a2c39e90264f33305004495a9","hash":"0c4a720069a3c4fb3be75401ee5c81663017c3ed"}
,"/Users/ericfouh/Downloads/CIS3500-SP23/Lecture-Examples/Fall23/weatherapp/src/components/WeatherComponent.js": {"path":"/Users/ericfouh/Downloads/CIS3500-SP23/Lecture-Examples/Fall23/weatherapp/src/components/WeatherComponent.js","statementMap":{"0":{"start":{"line":7,"column":2},"end":{"line":30,"column":4}},"1":{"start":{"line":33,"column":0},"end":{"line":37,"column":2}},"2":{"start":{"line":38,"column":0},"end":{"line":42,"column":2}},"3":{"start":{"line":46,"column":32},"end":{"line":46,"column":44}},"4":{"start":{"line":47,"column":15},"end":{"line":47,"column":25}},"5":{"start":{"line":50,"column":2},"end":{"line":54,"column":3}},"6":{"start":{"line":51,"column":4},"end":{"line":51,"column":36}},"7":{"start":{"line":53,"column":4},"end":{"line":53,"column":29}},"8":{"start":{"line":57,"column":2},"end":{"line":69,"column":21}},"9":{"start":{"line":59,"column":30},"end":{"line":66,"column":5}},"10":{"start":{"line":60,"column":6},"end":{"line":65,"column":7}},"11":{"start":{"line":61,"column":25},"end":{"line":61,"column":55}},"12":{"start":{"line":62,"column":8},"end":{"line":62,"column":126}},"13":{"start":{"line":64,"column":8},"end":{"line":64,"column":44}},"14":{"start":{"line":68,"column":4},"end":{"line":68,"column":24}},"15":{"start":{"line":70,"column":2},"end":{"line":74,"column":4}},"16":{"start":{"line":77,"column":0},"end":{"line":79,"column":2}},"17":{"start":{"line":80,"column":0},"end":{"line":82,"column":2}}},"fnMap":{"0":{"name":"WeatherBox","decl":{"start":{"line":6,"column":9},"end":{"line":6,"column":19}},"loc":{"start":{"line":6,"column":45},"end":{"line":31,"column":1}},"line":6},"1":{"name":"WeatherComponent","decl":{"start":{"line":44,"column":9},"end":{"line":44,"column":25}},"loc":{"start":{"line":44,"column":41},"end":{"line":75,"column":1}},"line":44},"2":{"name":"(anonymous_2)","decl":{"start":{"line":57,"column":12},"end":{"line":57,"column":13}},"loc":{"start":{"line":57,"column":18},"end":{"line":69,"column":3}},"line":57},"3":{"name":"(anonymous_3)","decl":{"start":{"line":59,"column":30},"end":{"line":59,"column":31}},"loc":{"start":{"line":59,"column":42},"end":{"line":66,"column":5}},"line":59}},"branchMap":{"0":{"loc":{"start":{"line":50,"column":2},"end":{"line":54,"column":3}},"type":"if","locations":[{"start":{"line":50,"column":2},"end":{"line":54,"column":3}},{"start":{"line":52,"column":9},"end":{"line":54,"column":3}}],"line":50},"1":{"loc":{"start":{"line":50,"column":6},"end":{"line":50,"column":36}},"type":"binary-expr","locations":[{"start":{"line":50,"column":6},"end":{"line":50,"column":16}},{"start":{"line":50,"column":20},"end":{"line":50,"column":36}}],"line":50}},"s":{"0":0,"1":1,"2":1,"3":0,"4":0,"5":0,"6":0,"7":0,"8":0,"9":0,"10":0,"11":0,"12":0,"13":0,"14":0,"15":0,"16":1,"17":1},"f":{"0":0,"1":0,"2":0,"3":0},"b":{"0":[0,0],"1":[0,0]},"_coverageSchema":"1a1c01bbd47fc00a2c39e90264f33305004495a9","hash":"ae62ac0d660de78def21eee6f5a98bb3fd3ff30e"}
}
