TN:
SF:src/App.js
FN:10,WeatherApp
FN:20,(anonymous_1)
FNF:2
FNH:2
FNDA:2,WeatherApp
FNDA:16,(anonymous_1)
DA:11,2
DA:13,2
DA:21,16
LF:3
LH:3
BRF:0
BRH:0
end_of_record
TN:
SF:src/api/getData.js
FN:5,(anonymous_0)
FNF:1
FNH:0
FNDA:0,(anonymous_0)
DA:5,1
DA:6,0
DA:7,0
DA:8,0
LF:4
LH:1
BRF:0
BRH:0
end_of_record
TN:
SF:src/components/LoginComponent.js
FN:4,LoginComponent
FN:9,(anonymous_1)
FN:15,(anonymous_2)
FNF:3
FNH:1
FNDA:2,LoginComponent
FNDA:0,(anonymous_1)
FNDA:0,(anonymous_2)
DA:6,2
DA:7,2
DA:9,2
DA:11,0
DA:12,0
DA:15,2
DA:16,0
DA:17,0
DA:20,2
DA:21,2
DA:33,0
LF:11
LH:6
BRDA:20,0,0,2
BRDA:20,0,1,0
BRF:2
BRH:1
end_of_record
TN:
SF:src/components/TypedCityComponent.js
FN:4,TypedCityComponent
FN:8,(anonymous_1)
FN:13,(anonymous_2)
FNF:3
FNH:0
FNDA:0,TypedCityComponent
FNDA:0,(anonymous_1)
FNDA:0,(anonymous_2)
DA:5,0
DA:6,0
DA:8,0
DA:10,0
DA:13,0
DA:15,0
DA:17,0
DA:20,0
DA:21,0
DA:28,0
LF:10
LH:0
BRDA:20,0,0,0
BRDA:20,0,1,0
BRF:2
BRH:0
end_of_record
TN:
SF:src/components/WeatherComponent.js
FN:6,WeatherBox
FN:44,WeatherComponent
FN:57,(anonymous_2)
FN:59,(anonymous_3)
FNF:4
FNH:0
FNDA:0,WeatherBox
FNDA:0,WeatherComponent
FNDA:0,(anonymous_2)
FNDA:0,(anonymous_3)
DA:7,0
DA:33,1
DA:38,1
DA:46,0
DA:47,0
DA:50,0
DA:51,0
DA:53,0
DA:57,0
DA:59,0
DA:60,0
DA:61,0
DA:62,0
DA:64,0
DA:68,0
DA:70,0
DA:77,1
DA:80,1
LF:18
LH:4
BRDA:50,0,0,0
BRDA:50,0,1,0
BRDA:50,1,0,0
BRDA:50,1,1,0
BRF:4
BRH:0
end_of_record
